<?xml version="1.0" encoding="UTF-8"?>
<!-- Generated by org.testng.reporters.JUnitReportReporter -->
<testsuite hostname="ajaratho-mac" failures="0" tests="2" name="test.test" time="11.218" errors="0" timestamp="05 Jul 2020 19:56:00 GMT" skipped="0">
  <testcase classname="test.test" name="test1" time="6.446"/>
  <testcase classname="test.test" name="test2" time="4.772"/>
</testsuite> <!-- test.test -->
